<?xml version="1.0" encoding="UTF-8"?>
<!-- Generated by org.testng.reporters.JUnitReportReporter -->
<testsuite hostname="DESKTOP-FVS46NS" name="com.ion.testcases.Testcase_createConnection_TC001" tests="1" failures="0" timestamp="9 Jun 2022 05:19:01 GMT" time="6.210" errors="0">
  <testcase name="registerCustomer" time="6.210" classname="com.ion.testcases.Testcase_createConnection_TC001"/>
</testsuite> <!-- com.ion.testcases.Testcase_createConnection_TC001 -->
